<?xml version="1.0" encoding="UTF-8"?>
<!-- Generated by org.testng.reporters.JUnitReportReporter -->
<testsuite hostname="DESKTOP-LHJPAPK" failures="0" tests="2" name="coupons.e2e.TestHomePage" time="9.181" errors="0" timestamp="2023-04-15T14:40:31 IDT" skipped="0">
  <testcase classname="coupons.e2e.TestHomePage" name="testClickOnEnterAsGuest" time="3.403"/>
  <system-out/>
  <testcase classname="coupons.e2e.TestHomePage" name="testLogin" time="5.778"/>
  <system-out/>
</testsuite> <!-- coupons.e2e.TestHomePage -->
